[1.673s] DEBUG:colcon:Command line arguments: ['/usr/bin/colcon', 'build', '--symlink-install']
[1.674s] DEBUG:colcon:Parsed command line arguments: Namespace(log_base=None, log_level=None, verb_name='build', build_base='build', install_base='install', merge_install=False, symlink_install=True, test_result_base=None, continue_on_error=False, executor='parallel', parallel_workers=4, event_handlers=None, ignore_user_meta=False, metas=['./colcon.meta'], base_paths=['.'], packages_ignore=None, packages_ignore_regex=None, paths=None, packages_up_to=None, packages_up_to_regex=None, packages_above=None, packages_above_and_dependencies=None, packages_above_depth=None, packages_select_by_dep=None, packages_skip_by_dep=None, packages_skip_up_to=None, packages_select_build_failed=False, packages_skip_build_finished=False, packages_select_test_failures=False, packages_skip_test_passed=False, packages_select=None, packages_skip=None, packages_select_regex=None, packages_skip_regex=None, packages_start=None, packages_end=None, allow_overriding=[], cmake_args=None, cmake_target=None, cmake_target_skip_unavailable=False, cmake_clean_cache=False, cmake_clean_first=False, cmake_force_configure=False, ament_cmake_args=None, catkin_cmake_args=None, catkin_skip_building_tests=False, mixin_files=None, mixin=None, verb_parser=<colcon_mixin.mixin.mixin_argument.MixinArgumentDecorator object at 0x74bd35c4b130>, verb_extension=<colcon_core.verb.build.BuildVerb object at 0x74bd35c4ac80>, main=<bound method BuildVerb.main of <colcon_core.verb.build.BuildVerb object at 0x74bd35c4ac80>>, mixin_verb=('build',))
[4.727s] Level 1:colcon.colcon_core.package_discovery:discover_packages(colcon_meta) check parameters
[4.728s] Level 1:colcon.colcon_core.package_discovery:discover_packages(recursive) check parameters
[4.728s] Level 1:colcon.colcon_core.package_discovery:discover_packages(ignore) check parameters
[4.728s] Level 1:colcon.colcon_core.package_discovery:discover_packages(path) check parameters
[4.728s] Level 1:colcon.colcon_core.package_discovery:discover_packages(colcon_meta) discover
[4.729s] Level 1:colcon.colcon_core.package_discovery:discover_packages(recursive) discover
[4.729s] INFO:colcon.colcon_core.package_discovery:Crawling recursively for packages in '/home/auro/robostar_repo/src/week_3/week_3'
[4.730s] Level 1:colcon.colcon_core.package_identification:_identify(.) by extensions ['ignore', 'ignore_ament_install']
[4.730s] Level 1:colcon.colcon_core.package_identification:_identify(.) by extension 'ignore'
[4.731s] Level 1:colcon.colcon_core.package_identification:_identify(.) by extension 'ignore_ament_install'
[4.731s] Level 1:colcon.colcon_core.package_identification:_identify(.) by extensions ['colcon_pkg']
[4.731s] Level 1:colcon.colcon_core.package_identification:_identify(.) by extension 'colcon_pkg'
[4.732s] Level 1:colcon.colcon_core.package_identification:_identify(.) by extensions ['colcon_meta']
[4.732s] Level 1:colcon.colcon_core.package_identification:_identify(.) by extension 'colcon_meta'
[4.732s] Level 1:colcon.colcon_core.package_identification:_identify(.) by extensions ['ros']
[4.732s] Level 1:colcon.colcon_core.package_identification:_identify(.) by extension 'ros'
[4.858s] Level 1:colcon.colcon_core.package_identification:_identify(.) by extensions ['cmake', 'python']
[4.858s] Level 1:colcon.colcon_core.package_identification:_identify(.) by extension 'cmake'
[4.859s] Level 1:colcon.colcon_core.package_identification:_identify(.) by extension 'python'
[4.859s] Level 1:colcon.colcon_core.package_identification:_identify(.) by extensions ['python_setup_py']
[4.859s] Level 1:colcon.colcon_core.package_identification:_identify(.) by extension 'python_setup_py'
[4.860s] Level 1:colcon.colcon_core.package_identification:_identify(__pycache__) by extensions ['ignore', 'ignore_ament_install']
[4.861s] Level 1:colcon.colcon_core.package_identification:_identify(__pycache__) by extension 'ignore'
[4.862s] Level 1:colcon.colcon_core.package_identification:_identify(__pycache__) by extension 'ignore_ament_install'
[4.862s] Level 1:colcon.colcon_core.package_identification:_identify(__pycache__) by extensions ['colcon_pkg']
[4.862s] Level 1:colcon.colcon_core.package_identification:_identify(__pycache__) by extension 'colcon_pkg'
[4.863s] Level 1:colcon.colcon_core.package_identification:_identify(__pycache__) by extensions ['colcon_meta']
[4.863s] Level 1:colcon.colcon_core.package_identification:_identify(__pycache__) by extension 'colcon_meta'
[4.863s] Level 1:colcon.colcon_core.package_identification:_identify(__pycache__) by extensions ['ros']
[4.863s] Level 1:colcon.colcon_core.package_identification:_identify(__pycache__) by extension 'ros'
[4.864s] Level 1:colcon.colcon_core.package_identification:_identify(__pycache__) by extensions ['cmake', 'python']
[4.864s] Level 1:colcon.colcon_core.package_identification:_identify(__pycache__) by extension 'cmake'
[4.865s] Level 1:colcon.colcon_core.package_identification:_identify(__pycache__) by extension 'python'
[4.865s] Level 1:colcon.colcon_core.package_identification:_identify(__pycache__) by extensions ['python_setup_py']
[4.865s] Level 1:colcon.colcon_core.package_identification:_identify(__pycache__) by extension 'python_setup_py'
[4.866s] Level 1:colcon.colcon_core.package_identification:_identify(build) by extensions ['ignore', 'ignore_ament_install']
[4.867s] Level 1:colcon.colcon_core.package_identification:_identify(build) by extension 'ignore'
[4.867s] Level 1:colcon.colcon_core.package_identification:_identify(build) ignored
[4.868s] Level 1:colcon.colcon_core.package_identification:_identify(install) by extensions ['ignore', 'ignore_ament_install']
[4.869s] Level 1:colcon.colcon_core.package_identification:_identify(install) by extension 'ignore'
[4.869s] Level 1:colcon.colcon_core.package_identification:_identify(install) ignored
[4.869s] Level 1:colcon.colcon_core.package_identification:_identify(log) by extensions ['ignore', 'ignore_ament_install']
[4.870s] Level 1:colcon.colcon_core.package_identification:_identify(log) by extension 'ignore'
[4.870s] Level 1:colcon.colcon_core.package_identification:_identify(log) ignored
[4.870s] Level 1:colcon.colcon_core.package_discovery:discover_packages(recursive) using defaults
[4.871s] Level 1:colcon.colcon_core.package_discovery:discover_packages(ignore) discover
[4.871s] Level 1:colcon.colcon_core.package_discovery:discover_packages(ignore) using defaults
[4.871s] Level 1:colcon.colcon_core.package_discovery:discover_packages(path) discover
[4.871s] Level 1:colcon.colcon_core.package_discovery:discover_packages(path) using defaults
[5.111s] Level 1:colcon.colcon_core.package_discovery:discover_packages(prefix_path) check parameters
[5.112s] Level 1:colcon.colcon_core.package_discovery:discover_packages(prefix_path) discover
[5.205s] DEBUG:colcon.colcon_installed_package_information.package_discovery:Found 15 installed packages in /home/auro/turtlebot3_ws/install
[5.219s] DEBUG:colcon.colcon_installed_package_information.package_discovery:Found 397 installed packages in /opt/ros/humble
[5.295s] Level 1:colcon.colcon_core.package_discovery:discover_packages(prefix_path) using defaults
[6.229s] INFO:colcon.colcon_core.executor:Executing jobs using 'parallel' executor
[6.239s] DEBUG:colcon.colcon_parallel_executor.executor.parallel:run_until_complete
[6.241s] DEBUG:colcon.colcon_parallel_executor.executor.parallel:closing loop
[6.241s] DEBUG:colcon.colcon_parallel_executor.executor.parallel:loop closed
[6.241s] DEBUG:colcon.colcon_parallel_executor.executor.parallel:run_until_complete finished with '0'
[6.242s] DEBUG:colcon.colcon_core.event_reactor:joining thread
[6.428s] INFO:colcon.colcon_core.plugin_system:Skipping extension 'colcon_notification.desktop_notification.terminal_notifier': Not used on non-Darwin systems
[6.429s] INFO:colcon.colcon_core.plugin_system:Skipping extension 'colcon_notification.desktop_notification.win32': Not used on non-Windows systems
[6.430s] INFO:colcon.colcon_notification.desktop_notification:Sending desktop notification using 'notify2'
[6.581s] DEBUG:colcon.colcon_core.event_reactor:joined thread
[6.622s] INFO:colcon.colcon_core.plugin_system:Skipping extension 'colcon_core.shell.bat': Not used on non-Windows systems
[6.626s] INFO:colcon.colcon_core.shell:Creating prefix script '/home/auro/robostar_repo/src/week_3/week_3/install/local_setup.ps1'
[6.635s] INFO:colcon.colcon_core.shell:Creating prefix util module '/home/auro/robostar_repo/src/week_3/week_3/install/_local_setup_util_ps1.py'
[6.650s] INFO:colcon.colcon_core.shell:Creating prefix chain script '/home/auro/robostar_repo/src/week_3/week_3/install/setup.ps1'
[6.668s] INFO:colcon.colcon_core.shell:Creating prefix script '/home/auro/robostar_repo/src/week_3/week_3/install/local_setup.sh'
[6.674s] INFO:colcon.colcon_core.shell:Creating prefix util module '/home/auro/robostar_repo/src/week_3/week_3/install/_local_setup_util_sh.py'
[6.677s] INFO:colcon.colcon_core.shell:Creating prefix chain script '/home/auro/robostar_repo/src/week_3/week_3/install/setup.sh'
[6.691s] INFO:colcon.colcon_core.shell:Creating prefix script '/home/auro/robostar_repo/src/week_3/week_3/install/local_setup.bash'
[6.698s] INFO:colcon.colcon_core.shell:Creating prefix chain script '/home/auro/robostar_repo/src/week_3/week_3/install/setup.bash'
[6.712s] INFO:colcon.colcon_core.shell:Creating prefix script '/home/auro/robostar_repo/src/week_3/week_3/install/local_setup.zsh'
[6.719s] INFO:colcon.colcon_core.shell:Creating prefix chain script '/home/auro/robostar_repo/src/week_3/week_3/install/setup.zsh'
