[0.516s] Invoking command in '/home/auro/robostar_repo/src/week_3/build/week_3': PYTHONPATH=/home/auro/robostar_repo/src/week_3/build/week_3/prefix_override:/usr/lib/python3/dist-packages/colcon_core/task/python/colcon_distutils_commands:/home/auro/robostar_repo/src/week_3/install/week_3/lib/python3.10/site-packages:${PYTHONPATH} /usr/bin/python3 -W ignore:setup.py install is deprecated setup.py develop --editable --build-directory /home/auro/robostar_repo/src/week_3/build/week_3/build --no-deps symlink_data
[0.682s] running develop
[0.777s] running egg_info
[0.777s] writing week_3.egg-info/PKG-INFO
[0.777s] writing dependency_links to week_3.egg-info/dependency_links.txt
[0.777s] writing entry points to week_3.egg-info/entry_points.txt
[0.778s] writing requirements to week_3.egg-info/requires.txt
[0.778s] writing top-level names to week_3.egg-info/top_level.txt
[0.779s] reading manifest file 'week_3.egg-info/SOURCES.txt'
[0.780s] writing manifest file 'week_3.egg-info/SOURCES.txt'
[0.781s] running build_ext
[0.781s] Creating /home/auro/robostar_repo/src/week_3/install/week_3/lib/python3.10/site-packages/week-3.egg-link (link to .)
[0.782s] Installing rviz_text_marker script to /home/auro/robostar_repo/src/week_3/install/week_3/lib/week_3
[0.782s] Installing turtlebot3_fsm script to /home/auro/robostar_repo/src/week_3/install/week_3/lib/week_3
[0.782s] Installing turtlebot3_fsm_rc script to /home/auro/robostar_repo/src/week_3/install/week_3/lib/week_3
[0.782s] Installing turtlebot3_random_walk script to /home/auro/robostar_repo/src/week_3/install/week_3/lib/week_3
[0.782s] 
[0.782s] Installed /home/auro/robostar_repo/src/week_3/build/week_3
[0.782s] running symlink_data
[0.804s] Invoked command in '/home/auro/robostar_repo/src/week_3/build/week_3' returned '0': PYTHONPATH=/home/auro/robostar_repo/src/week_3/build/week_3/prefix_override:/usr/lib/python3/dist-packages/colcon_core/task/python/colcon_distutils_commands:/home/auro/robostar_repo/src/week_3/install/week_3/lib/python3.10/site-packages:${PYTHONPATH} /usr/bin/python3 -W ignore:setup.py install is deprecated setup.py develop --editable --build-directory /home/auro/robostar_repo/src/week_3/build/week_3/build --no-deps symlink_data
