[0.065s] DEBUG:colcon:Command line arguments: ['/usr/bin/colcon', 'build', '--symlink-install']
[0.065s] DEBUG:colcon:Parsed command line arguments: Namespace(log_base=None, log_level=None, verb_name='build', build_base='build', install_base='install', merge_install=False, symlink_install=True, test_result_base=None, continue_on_error=False, executor='parallel', parallel_workers=4, event_handlers=None, ignore_user_meta=False, metas=['./colcon.meta'], base_paths=['.'], packages_ignore=None, packages_ignore_regex=None, paths=None, packages_up_to=None, packages_up_to_regex=None, packages_above=None, packages_above_and_dependencies=None, packages_above_depth=None, packages_select_by_dep=None, packages_skip_by_dep=None, packages_skip_up_to=None, packages_select_build_failed=False, packages_skip_build_finished=False, packages_select_test_failures=False, packages_skip_test_passed=False, packages_select=None, packages_skip=None, packages_select_regex=None, packages_skip_regex=None, packages_start=None, packages_end=None, allow_overriding=[], cmake_args=None, cmake_target=None, cmake_target_skip_unavailable=False, cmake_clean_cache=False, cmake_clean_first=False, cmake_force_configure=False, ament_cmake_args=None, catkin_cmake_args=None, catkin_skip_building_tests=False, mixin_files=None, mixin=None, verb_parser=<colcon_mixin.mixin.mixin_argument.MixinArgumentDecorator object at 0x71fa5272f160>, verb_extension=<colcon_core.verb.build.BuildVerb object at 0x71fa5272ecb0>, main=<bound method BuildVerb.main of <colcon_core.verb.build.BuildVerb object at 0x71fa5272ecb0>>, mixin_verb=('build',))
[0.161s] Level 1:colcon.colcon_core.package_discovery:discover_packages(colcon_meta) check parameters
[0.161s] Level 1:colcon.colcon_core.package_discovery:discover_packages(recursive) check parameters
[0.161s] Level 1:colcon.colcon_core.package_discovery:discover_packages(ignore) check parameters
[0.161s] Level 1:colcon.colcon_core.package_discovery:discover_packages(path) check parameters
[0.161s] Level 1:colcon.colcon_core.package_discovery:discover_packages(colcon_meta) discover
[0.161s] Level 1:colcon.colcon_core.package_discovery:discover_packages(recursive) discover
[0.161s] INFO:colcon.colcon_core.package_discovery:Crawling recursively for packages in '/home/auro/robostar_repo/src/week_3'
[0.161s] Level 1:colcon.colcon_core.package_identification:_identify(.) by extensions ['ignore', 'ignore_ament_install']
[0.161s] Level 1:colcon.colcon_core.package_identification:_identify(.) by extension 'ignore'
[0.161s] Level 1:colcon.colcon_core.package_identification:_identify(.) by extension 'ignore_ament_install'
[0.161s] Level 1:colcon.colcon_core.package_identification:_identify(.) by extensions ['colcon_pkg']
[0.161s] Level 1:colcon.colcon_core.package_identification:_identify(.) by extension 'colcon_pkg'
[0.161s] Level 1:colcon.colcon_core.package_identification:_identify(.) by extensions ['colcon_meta']
[0.161s] Level 1:colcon.colcon_core.package_identification:_identify(.) by extension 'colcon_meta'
[0.161s] Level 1:colcon.colcon_core.package_identification:_identify(.) by extensions ['ros']
[0.161s] Level 1:colcon.colcon_core.package_identification:_identify(.) by extension 'ros'
[0.175s] DEBUG:colcon.colcon_core.package_identification:Package '.' with type 'ros.ament_python' and name 'week_3'
[0.175s] Level 1:colcon.colcon_core.package_discovery:discover_packages(recursive) using defaults
[0.175s] Level 1:colcon.colcon_core.package_discovery:discover_packages(ignore) discover
[0.175s] Level 1:colcon.colcon_core.package_discovery:discover_packages(ignore) using defaults
[0.175s] Level 1:colcon.colcon_core.package_discovery:discover_packages(path) discover
[0.175s] Level 1:colcon.colcon_core.package_discovery:discover_packages(path) using defaults
[0.197s] Level 1:colcon.colcon_core.package_discovery:discover_packages(prefix_path) check parameters
[0.197s] Level 1:colcon.colcon_core.package_discovery:discover_packages(prefix_path) discover
[0.200s] DEBUG:colcon.colcon_installed_package_information.package_discovery:Found 15 installed packages in /home/auro/turtlebot3_ws/install
[0.202s] DEBUG:colcon.colcon_installed_package_information.package_discovery:Found 397 installed packages in /opt/ros/humble
[0.211s] Level 1:colcon.colcon_core.package_discovery:discover_packages(prefix_path) using defaults
[0.236s] Level 5:colcon.colcon_core.verb:set package 'week_3' build argument 'cmake_args' from command line to 'None'
[0.236s] Level 5:colcon.colcon_core.verb:set package 'week_3' build argument 'cmake_target' from command line to 'None'
[0.237s] Level 5:colcon.colcon_core.verb:set package 'week_3' build argument 'cmake_target_skip_unavailable' from command line to 'False'
[0.237s] Level 5:colcon.colcon_core.verb:set package 'week_3' build argument 'cmake_clean_cache' from command line to 'False'
[0.237s] Level 5:colcon.colcon_core.verb:set package 'week_3' build argument 'cmake_clean_first' from command line to 'False'
[0.237s] Level 5:colcon.colcon_core.verb:set package 'week_3' build argument 'cmake_force_configure' from command line to 'False'
[0.237s] Level 5:colcon.colcon_core.verb:set package 'week_3' build argument 'ament_cmake_args' from command line to 'None'
[0.237s] Level 5:colcon.colcon_core.verb:set package 'week_3' build argument 'catkin_cmake_args' from command line to 'None'
[0.237s] Level 5:colcon.colcon_core.verb:set package 'week_3' build argument 'catkin_skip_building_tests' from command line to 'False'
[0.237s] DEBUG:colcon.colcon_core.verb:Building package 'week_3' with the following arguments: {'ament_cmake_args': None, 'build_base': '/home/auro/robostar_repo/src/week_3/build/week_3', 'catkin_cmake_args': None, 'catkin_skip_building_tests': False, 'cmake_args': None, 'cmake_clean_cache': False, 'cmake_clean_first': False, 'cmake_force_configure': False, 'cmake_target': None, 'cmake_target_skip_unavailable': False, 'install_base': '/home/auro/robostar_repo/src/week_3/install/week_3', 'merge_install': False, 'path': '/home/auro/robostar_repo/src/week_3', 'symlink_install': True, 'test_result_base': None}
[0.237s] INFO:colcon.colcon_core.executor:Executing jobs using 'parallel' executor
[0.238s] DEBUG:colcon.colcon_parallel_executor.executor.parallel:run_until_complete
[0.238s] INFO:colcon.colcon_ros.task.ament_python.build:Building ROS package in '/home/auro/robostar_repo/src/week_3' with build type 'ament_python'
[0.238s] Level 1:colcon.colcon_core.shell:create_environment_hook('week_3', 'ament_prefix_path')
[0.239s] INFO:colcon.colcon_core.plugin_system:Skipping extension 'colcon_core.shell.bat': Not used on non-Windows systems
[0.239s] INFO:colcon.colcon_core.shell:Creating environment hook '/home/auro/robostar_repo/src/week_3/install/week_3/share/week_3/hook/ament_prefix_path.ps1'
[0.242s] INFO:colcon.colcon_core.shell:Creating environment descriptor '/home/auro/robostar_repo/src/week_3/install/week_3/share/week_3/hook/ament_prefix_path.dsv'
[0.243s] INFO:colcon.colcon_core.shell:Creating environment hook '/home/auro/robostar_repo/src/week_3/install/week_3/share/week_3/hook/ament_prefix_path.sh'
[0.244s] INFO:colcon.colcon_core.shell:Skip shell extension 'powershell' for command environment: Not usable outside of PowerShell
[0.244s] DEBUG:colcon.colcon_core.shell:Skip shell extension 'dsv' for command environment
[0.415s] INFO:colcon.colcon_core.task.python.build:Building Python package in '/home/auro/robostar_repo/src/week_3'
[0.415s] INFO:colcon.colcon_core.shell:Skip shell extension 'powershell' for command environment: Not usable outside of PowerShell
[0.415s] DEBUG:colcon.colcon_core.shell:Skip shell extension 'dsv' for command environment
[0.755s] DEBUG:colcon.colcon_core.event_handler.log_command:Invoking command in '/home/auro/robostar_repo/src/week_3/build/week_3': PYTHONPATH=/home/auro/robostar_repo/src/week_3/build/week_3/prefix_override:/usr/lib/python3/dist-packages/colcon_core/task/python/colcon_distutils_commands:/home/auro/robostar_repo/src/week_3/install/week_3/lib/python3.10/site-packages:${PYTHONPATH} /usr/bin/python3 -W ignore:setup.py install is deprecated setup.py develop --editable --build-directory /home/auro/robostar_repo/src/week_3/build/week_3/build --no-deps symlink_data
[1.042s] Level 1:colcon.colcon_core.shell:create_environment_hook('week_3', 'pythonpath_develop')
[1.042s] INFO:colcon.colcon_core.shell:Creating environment hook '/home/auro/robostar_repo/src/week_3/build/week_3/share/week_3/hook/pythonpath_develop.ps1'
[1.043s] DEBUG:colcon.colcon_core.event_handler.log_command:Invoked command in '/home/auro/robostar_repo/src/week_3/build/week_3' returned '0': PYTHONPATH=/home/auro/robostar_repo/src/week_3/build/week_3/prefix_override:/usr/lib/python3/dist-packages/colcon_core/task/python/colcon_distutils_commands:/home/auro/robostar_repo/src/week_3/install/week_3/lib/python3.10/site-packages:${PYTHONPATH} /usr/bin/python3 -W ignore:setup.py install is deprecated setup.py develop --editable --build-directory /home/auro/robostar_repo/src/week_3/build/week_3/build --no-deps symlink_data
[1.043s] INFO:colcon.colcon_core.shell:Creating environment descriptor '/home/auro/robostar_repo/src/week_3/build/week_3/share/week_3/hook/pythonpath_develop.dsv'
[1.043s] INFO:colcon.colcon_core.shell:Creating environment hook '/home/auro/robostar_repo/src/week_3/build/week_3/share/week_3/hook/pythonpath_develop.sh'
[1.048s] Level 1:colcon.colcon_core.environment:checking '/home/auro/robostar_repo/src/week_3/install/week_3' for CMake module files
[1.048s] Level 1:colcon.colcon_core.environment:checking '/home/auro/robostar_repo/src/week_3/install/week_3' for CMake config files
[1.050s] Level 1:colcon.colcon_core.environment:checking '/home/auro/robostar_repo/src/week_3/install/week_3/lib'
[1.050s] Level 1:colcon.colcon_core.environment:checking '/home/auro/robostar_repo/src/week_3/install/week_3/bin'
[1.050s] Level 1:colcon.colcon_core.environment:checking '/home/auro/robostar_repo/src/week_3/install/week_3/lib/pkgconfig/week_3.pc'
[1.050s] Level 1:colcon.colcon_core.environment:checking '/home/auro/robostar_repo/src/week_3/install/week_3/lib/python3.10/site-packages'
[1.050s] Level 1:colcon.colcon_core.shell:create_environment_hook('week_3', 'pythonpath')
[1.050s] INFO:colcon.colcon_core.shell:Creating environment hook '/home/auro/robostar_repo/src/week_3/install/week_3/share/week_3/hook/pythonpath.ps1'
[1.050s] INFO:colcon.colcon_core.shell:Creating environment descriptor '/home/auro/robostar_repo/src/week_3/install/week_3/share/week_3/hook/pythonpath.dsv'
[1.051s] INFO:colcon.colcon_core.shell:Creating environment hook '/home/auro/robostar_repo/src/week_3/install/week_3/share/week_3/hook/pythonpath.sh'
[1.051s] Level 1:colcon.colcon_core.environment:checking '/home/auro/robostar_repo/src/week_3/install/week_3/bin'
[1.051s] Level 1:colcon.colcon_core.environment:create_environment_scripts_only(week_3)
[1.052s] INFO:colcon.colcon_core.shell:Creating package script '/home/auro/robostar_repo/src/week_3/install/week_3/share/week_3/package.ps1'
[1.052s] INFO:colcon.colcon_core.shell:Creating package descriptor '/home/auro/robostar_repo/src/week_3/install/week_3/share/week_3/package.dsv'
[1.053s] INFO:colcon.colcon_core.shell:Creating package script '/home/auro/robostar_repo/src/week_3/install/week_3/share/week_3/package.sh'
[1.054s] INFO:colcon.colcon_core.shell:Creating package script '/home/auro/robostar_repo/src/week_3/install/week_3/share/week_3/package.bash'
[1.055s] INFO:colcon.colcon_core.shell:Creating package script '/home/auro/robostar_repo/src/week_3/install/week_3/share/week_3/package.zsh'
[1.056s] Level 1:colcon.colcon_core.environment:create_file_with_runtime_dependencies(/home/auro/robostar_repo/src/week_3/install/week_3/share/colcon-core/packages/week_3)
[1.056s] DEBUG:colcon.colcon_parallel_executor.executor.parallel:closing loop
[1.056s] DEBUG:colcon.colcon_parallel_executor.executor.parallel:loop closed
[1.056s] DEBUG:colcon.colcon_parallel_executor.executor.parallel:run_until_complete finished with '0'
[1.056s] DEBUG:colcon.colcon_core.event_reactor:joining thread
[1.062s] INFO:colcon.colcon_core.plugin_system:Skipping extension 'colcon_notification.desktop_notification.terminal_notifier': Not used on non-Darwin systems
[1.062s] INFO:colcon.colcon_core.plugin_system:Skipping extension 'colcon_notification.desktop_notification.win32': Not used on non-Windows systems
[1.062s] INFO:colcon.colcon_notification.desktop_notification:Sending desktop notification using 'notify2'
[1.071s] DEBUG:colcon.colcon_core.event_reactor:joined thread
[1.071s] INFO:colcon.colcon_core.shell:Creating prefix script '/home/auro/robostar_repo/src/week_3/install/local_setup.ps1'
[1.072s] INFO:colcon.colcon_core.shell:Creating prefix util module '/home/auro/robostar_repo/src/week_3/install/_local_setup_util_ps1.py'
[1.074s] INFO:colcon.colcon_core.shell:Creating prefix chain script '/home/auro/robostar_repo/src/week_3/install/setup.ps1'
[1.076s] INFO:colcon.colcon_core.shell:Creating prefix script '/home/auro/robostar_repo/src/week_3/install/local_setup.sh'
[1.077s] INFO:colcon.colcon_core.shell:Creating prefix util module '/home/auro/robostar_repo/src/week_3/install/_local_setup_util_sh.py'
[1.078s] INFO:colcon.colcon_core.shell:Creating prefix chain script '/home/auro/robostar_repo/src/week_3/install/setup.sh'
[1.080s] INFO:colcon.colcon_core.shell:Creating prefix script '/home/auro/robostar_repo/src/week_3/install/local_setup.bash'
[1.080s] INFO:colcon.colcon_core.shell:Creating prefix chain script '/home/auro/robostar_repo/src/week_3/install/setup.bash'
[1.082s] INFO:colcon.colcon_core.shell:Creating prefix script '/home/auro/robostar_repo/src/week_3/install/local_setup.zsh'
[1.083s] INFO:colcon.colcon_core.shell:Creating prefix chain script '/home/auro/robostar_repo/src/week_3/install/setup.zsh'
