[0.798s] DEBUG:colcon:Command line arguments: ['/usr/bin/colcon', 'build', '--symlink-install']
[0.799s] DEBUG:colcon:Parsed command line arguments: Namespace(log_base=None, log_level=None, verb_name='build', build_base='build', install_base='install', merge_install=False, symlink_install=True, test_result_base=None, continue_on_error=False, executor='parallel', parallel_workers=4, event_handlers=None, ignore_user_meta=False, metas=['./colcon.meta'], base_paths=['.'], packages_ignore=None, packages_ignore_regex=None, paths=None, packages_up_to=None, packages_up_to_regex=None, packages_above=None, packages_above_and_dependencies=None, packages_above_depth=None, packages_select_by_dep=None, packages_skip_by_dep=None, packages_skip_up_to=None, packages_select_build_failed=False, packages_skip_build_finished=False, packages_select_test_failures=False, packages_skip_test_passed=False, packages_select=None, packages_skip=None, packages_select_regex=None, packages_skip_regex=None, packages_start=None, packages_end=None, allow_overriding=[], cmake_args=None, cmake_target=None, cmake_target_skip_unavailable=False, cmake_clean_cache=False, cmake_clean_first=False, cmake_force_configure=False, ament_cmake_args=None, catkin_cmake_args=None, catkin_skip_building_tests=False, mixin_files=None, mixin=None, verb_parser=<colcon_mixin.mixin.mixin_argument.MixinArgumentDecorator object at 0x79c30912f160>, verb_extension=<colcon_core.verb.build.BuildVerb object at 0x79c30912ecb0>, main=<bound method BuildVerb.main of <colcon_core.verb.build.BuildVerb object at 0x79c30912ecb0>>, mixin_verb=('build',))
[1.986s] Level 1:colcon.colcon_core.package_discovery:discover_packages(colcon_meta) check parameters
[1.987s] Level 1:colcon.colcon_core.package_discovery:discover_packages(recursive) check parameters
[1.987s] Level 1:colcon.colcon_core.package_discovery:discover_packages(ignore) check parameters
[1.988s] Level 1:colcon.colcon_core.package_discovery:discover_packages(path) check parameters
[1.988s] Level 1:colcon.colcon_core.package_discovery:discover_packages(colcon_meta) discover
[1.988s] Level 1:colcon.colcon_core.package_discovery:discover_packages(recursive) discover
[1.988s] INFO:colcon.colcon_core.package_discovery:Crawling recursively for packages in '/home/auro/robostar_repo/src/week_3'
[1.989s] Level 1:colcon.colcon_core.package_identification:_identify(.) by extensions ['ignore', 'ignore_ament_install']
[1.990s] Level 1:colcon.colcon_core.package_identification:_identify(.) by extension 'ignore'
[1.991s] Level 1:colcon.colcon_core.package_identification:_identify(.) by extension 'ignore_ament_install'
[1.991s] Level 1:colcon.colcon_core.package_identification:_identify(.) by extensions ['colcon_pkg']
[1.991s] Level 1:colcon.colcon_core.package_identification:_identify(.) by extension 'colcon_pkg'
[1.992s] Level 1:colcon.colcon_core.package_identification:_identify(.) by extensions ['colcon_meta']
[1.992s] Level 1:colcon.colcon_core.package_identification:_identify(.) by extension 'colcon_meta'
[1.992s] Level 1:colcon.colcon_core.package_identification:_identify(.) by extensions ['ros']
[1.993s] Level 1:colcon.colcon_core.package_identification:_identify(.) by extension 'ros'
[2.128s] DEBUG:colcon.colcon_core.package_identification:Package '.' with type 'ros.ament_python' and name 'week_3'
[2.128s] Level 1:colcon.colcon_core.package_discovery:discover_packages(recursive) using defaults
[2.128s] Level 1:colcon.colcon_core.package_discovery:discover_packages(ignore) discover
[2.129s] Level 1:colcon.colcon_core.package_discovery:discover_packages(ignore) using defaults
[2.129s] Level 1:colcon.colcon_core.package_discovery:discover_packages(path) discover
[2.129s] Level 1:colcon.colcon_core.package_discovery:discover_packages(path) using defaults
[2.281s] Level 1:colcon.colcon_core.package_discovery:discover_packages(prefix_path) check parameters
[2.282s] Level 1:colcon.colcon_core.package_discovery:discover_packages(prefix_path) discover
[2.299s] DEBUG:colcon.colcon_installed_package_information.package_discovery:Found 15 installed packages in /home/auro/turtlebot3_ws/install
[2.310s] DEBUG:colcon.colcon_installed_package_information.package_discovery:Found 397 installed packages in /opt/ros/humble
[2.373s] Level 1:colcon.colcon_core.package_discovery:discover_packages(prefix_path) using defaults
[2.708s] Level 5:colcon.colcon_core.verb:set package 'week_3' build argument 'cmake_args' from command line to 'None'
[2.709s] Level 5:colcon.colcon_core.verb:set package 'week_3' build argument 'cmake_target' from command line to 'None'
[2.709s] Level 5:colcon.colcon_core.verb:set package 'week_3' build argument 'cmake_target_skip_unavailable' from command line to 'False'
[2.709s] Level 5:colcon.colcon_core.verb:set package 'week_3' build argument 'cmake_clean_cache' from command line to 'False'
[2.710s] Level 5:colcon.colcon_core.verb:set package 'week_3' build argument 'cmake_clean_first' from command line to 'False'
[2.710s] Level 5:colcon.colcon_core.verb:set package 'week_3' build argument 'cmake_force_configure' from command line to 'False'
[2.710s] Level 5:colcon.colcon_core.verb:set package 'week_3' build argument 'ament_cmake_args' from command line to 'None'
[2.711s] Level 5:colcon.colcon_core.verb:set package 'week_3' build argument 'catkin_cmake_args' from command line to 'None'
[2.711s] Level 5:colcon.colcon_core.verb:set package 'week_3' build argument 'catkin_skip_building_tests' from command line to 'False'
[2.711s] DEBUG:colcon.colcon_core.verb:Building package 'week_3' with the following arguments: {'ament_cmake_args': None, 'build_base': '/home/auro/robostar_repo/src/week_3/build/week_3', 'catkin_cmake_args': None, 'catkin_skip_building_tests': False, 'cmake_args': None, 'cmake_clean_cache': False, 'cmake_clean_first': False, 'cmake_force_configure': False, 'cmake_target': None, 'cmake_target_skip_unavailable': False, 'install_base': '/home/auro/robostar_repo/src/week_3/install/week_3', 'merge_install': False, 'path': '/home/auro/robostar_repo/src/week_3', 'symlink_install': True, 'test_result_base': None}
[2.712s] INFO:colcon.colcon_core.executor:Executing jobs using 'parallel' executor
[2.720s] DEBUG:colcon.colcon_parallel_executor.executor.parallel:run_until_complete
[2.722s] INFO:colcon.colcon_ros.task.ament_python.build:Building ROS package in '/home/auro/robostar_repo/src/week_3' with build type 'ament_python'
[2.722s] Level 1:colcon.colcon_core.shell:create_environment_hook('week_3', 'ament_prefix_path')
[2.741s] INFO:colcon.colcon_core.plugin_system:Skipping extension 'colcon_core.shell.bat': Not used on non-Windows systems
[2.744s] INFO:colcon.colcon_core.shell:Creating environment hook '/home/auro/robostar_repo/src/week_3/install/week_3/share/week_3/hook/ament_prefix_path.ps1'
[2.755s] INFO:colcon.colcon_core.shell:Creating environment descriptor '/home/auro/robostar_repo/src/week_3/install/week_3/share/week_3/hook/ament_prefix_path.dsv'
[2.759s] INFO:colcon.colcon_core.shell:Creating environment hook '/home/auro/robostar_repo/src/week_3/install/week_3/share/week_3/hook/ament_prefix_path.sh'
[2.760s] INFO:colcon.colcon_core.shell:Skip shell extension 'powershell' for command environment: Not usable outside of PowerShell
[2.760s] DEBUG:colcon.colcon_core.shell:Skip shell extension 'dsv' for command environment
[2.936s] INFO:colcon.colcon_core.task.python.build:Building Python package in '/home/auro/robostar_repo/src/week_3'
[2.936s] INFO:colcon.colcon_core.shell:Skip shell extension 'powershell' for command environment: Not usable outside of PowerShell
[2.936s] DEBUG:colcon.colcon_core.shell:Skip shell extension 'dsv' for command environment
[3.384s] DEBUG:colcon.colcon_core.event_handler.log_command:Invoking command in '/home/auro/robostar_repo/src/week_3/build/week_3': PYTHONPATH=/home/auro/robostar_repo/src/week_3/build/week_3/prefix_override:/usr/lib/python3/dist-packages/colcon_core/task/python/colcon_distutils_commands:/home/auro/robostar_repo/src/week_3/install/week_3/lib/python3.10/site-packages:${PYTHONPATH} /usr/bin/python3 -W ignore:setup.py install is deprecated setup.py develop --editable --build-directory /home/auro/robostar_repo/src/week_3/build/week_3/build --no-deps symlink_data
[5.156s] Level 1:colcon.colcon_core.shell:create_environment_hook('week_3', 'pythonpath_develop')
[5.156s] DEBUG:colcon.colcon_core.event_handler.log_command:Invoked command in '/home/auro/robostar_repo/src/week_3/build/week_3' returned '0': PYTHONPATH=/home/auro/robostar_repo/src/week_3/build/week_3/prefix_override:/usr/lib/python3/dist-packages/colcon_core/task/python/colcon_distutils_commands:/home/auro/robostar_repo/src/week_3/install/week_3/lib/python3.10/site-packages:${PYTHONPATH} /usr/bin/python3 -W ignore:setup.py install is deprecated setup.py develop --editable --build-directory /home/auro/robostar_repo/src/week_3/build/week_3/build --no-deps symlink_data
[5.157s] INFO:colcon.colcon_core.shell:Creating environment hook '/home/auro/robostar_repo/src/week_3/build/week_3/share/week_3/hook/pythonpath_develop.ps1'
[5.158s] INFO:colcon.colcon_core.shell:Creating environment descriptor '/home/auro/robostar_repo/src/week_3/build/week_3/share/week_3/hook/pythonpath_develop.dsv'
[5.158s] INFO:colcon.colcon_core.shell:Creating environment hook '/home/auro/robostar_repo/src/week_3/build/week_3/share/week_3/hook/pythonpath_develop.sh'
[5.169s] Level 1:colcon.colcon_core.environment:checking '/home/auro/robostar_repo/src/week_3/install/week_3' for CMake module files
[5.170s] Level 1:colcon.colcon_core.environment:checking '/home/auro/robostar_repo/src/week_3/install/week_3' for CMake config files
[5.171s] Level 1:colcon.colcon_core.environment:checking '/home/auro/robostar_repo/src/week_3/install/week_3/lib'
[5.171s] Level 1:colcon.colcon_core.environment:checking '/home/auro/robostar_repo/src/week_3/install/week_3/bin'
[5.171s] Level 1:colcon.colcon_core.environment:checking '/home/auro/robostar_repo/src/week_3/install/week_3/lib/pkgconfig/week_3.pc'
[5.171s] Level 1:colcon.colcon_core.environment:checking '/home/auro/robostar_repo/src/week_3/install/week_3/lib/python3.10/site-packages'
[5.171s] Level 1:colcon.colcon_core.shell:create_environment_hook('week_3', 'pythonpath')
[5.172s] INFO:colcon.colcon_core.shell:Creating environment hook '/home/auro/robostar_repo/src/week_3/install/week_3/share/week_3/hook/pythonpath.ps1'
[5.172s] INFO:colcon.colcon_core.shell:Creating environment descriptor '/home/auro/robostar_repo/src/week_3/install/week_3/share/week_3/hook/pythonpath.dsv'
[5.172s] INFO:colcon.colcon_core.shell:Creating environment hook '/home/auro/robostar_repo/src/week_3/install/week_3/share/week_3/hook/pythonpath.sh'
[5.173s] Level 1:colcon.colcon_core.environment:checking '/home/auro/robostar_repo/src/week_3/install/week_3/bin'
[5.173s] Level 1:colcon.colcon_core.environment:create_environment_scripts_only(week_3)
[5.173s] INFO:colcon.colcon_core.shell:Creating package script '/home/auro/robostar_repo/src/week_3/install/week_3/share/week_3/package.ps1'
[5.175s] INFO:colcon.colcon_core.shell:Creating package descriptor '/home/auro/robostar_repo/src/week_3/install/week_3/share/week_3/package.dsv'
[5.175s] INFO:colcon.colcon_core.shell:Creating package script '/home/auro/robostar_repo/src/week_3/install/week_3/share/week_3/package.sh'
[5.176s] INFO:colcon.colcon_core.shell:Creating package script '/home/auro/robostar_repo/src/week_3/install/week_3/share/week_3/package.bash'
[5.177s] INFO:colcon.colcon_core.shell:Creating package script '/home/auro/robostar_repo/src/week_3/install/week_3/share/week_3/package.zsh'
[5.178s] Level 1:colcon.colcon_core.environment:create_file_with_runtime_dependencies(/home/auro/robostar_repo/src/week_3/install/week_3/share/colcon-core/packages/week_3)
[5.179s] DEBUG:colcon.colcon_parallel_executor.executor.parallel:closing loop
[5.179s] DEBUG:colcon.colcon_parallel_executor.executor.parallel:loop closed
[5.179s] DEBUG:colcon.colcon_parallel_executor.executor.parallel:run_until_complete finished with '0'
[5.179s] DEBUG:colcon.colcon_core.event_reactor:joining thread
[5.184s] INFO:colcon.colcon_core.plugin_system:Skipping extension 'colcon_notification.desktop_notification.terminal_notifier': Not used on non-Darwin systems
[5.184s] INFO:colcon.colcon_core.plugin_system:Skipping extension 'colcon_notification.desktop_notification.win32': Not used on non-Windows systems
[5.185s] INFO:colcon.colcon_notification.desktop_notification:Sending desktop notification using 'notify2'
[5.192s] DEBUG:colcon.colcon_core.event_reactor:joined thread
[5.193s] INFO:colcon.colcon_core.shell:Creating prefix script '/home/auro/robostar_repo/src/week_3/install/local_setup.ps1'
[5.193s] INFO:colcon.colcon_core.shell:Creating prefix util module '/home/auro/robostar_repo/src/week_3/install/_local_setup_util_ps1.py'
[5.194s] INFO:colcon.colcon_core.shell:Creating prefix chain script '/home/auro/robostar_repo/src/week_3/install/setup.ps1'
[5.196s] INFO:colcon.colcon_core.shell:Creating prefix script '/home/auro/robostar_repo/src/week_3/install/local_setup.sh'
[5.196s] INFO:colcon.colcon_core.shell:Creating prefix util module '/home/auro/robostar_repo/src/week_3/install/_local_setup_util_sh.py'
[5.196s] INFO:colcon.colcon_core.shell:Creating prefix chain script '/home/auro/robostar_repo/src/week_3/install/setup.sh'
[5.197s] INFO:colcon.colcon_core.shell:Creating prefix script '/home/auro/robostar_repo/src/week_3/install/local_setup.bash'
[5.197s] INFO:colcon.colcon_core.shell:Creating prefix chain script '/home/auro/robostar_repo/src/week_3/install/setup.bash'
[5.198s] INFO:colcon.colcon_core.shell:Creating prefix script '/home/auro/robostar_repo/src/week_3/install/local_setup.zsh'
[5.199s] INFO:colcon.colcon_core.shell:Creating prefix chain script '/home/auro/robostar_repo/src/week_3/install/setup.zsh'
